<?xml version="1.0" encoding="UTF-8"?>
<!-- Generated by org.testng.reporters.JUnitReportReporter -->
<testsuite hostname="sayoghos" name="pack1.MavenGitTest" tests="1" failures="0" timestamp="6 Jan 2016 05:23:47 GMT" time="8.171" errors="0">
  <testcase name="launchapp" time="8.171" classname="pack1.MavenGitTest"/>
</testsuite> <!-- pack1.MavenGitTest -->
