<?xml version="1.0" encoding="UTF-8"?>
<!-- Generated by org.testng.reporters.JUnitReportReporter -->
<testsuite hostname="sayoghos" name="pack1.GitMavenClass" tests="1" failures="0" timestamp="6 Jan 2016 05:10:32 GMT" time="8.111" errors="0">
  <testcase name="launchapp" time="8.111" classname="pack1.GitMavenClass"/>
</testsuite> <!-- pack1.GitMavenClass -->
