<?xml version="1.0" encoding="UTF-8"?>
<!-- Generated by org.testng.reporters.JUnitReportReporter -->
<testsuite hostname="sayoghos" name="pack1.GitMavenClass" tests="1" failures="0" timestamp="5 Jan 2016 12:13:45 GMT" time="6.112" errors="0">
  <testcase name="TestFireFox" time="6.112" classname="pack1.GitMavenClass"/>
</testsuite> <!-- pack1.GitMavenClass -->
