<?xml version="1.0" encoding="UTF-8"?>
<!-- Generated by org.testng.reporters.JUnitReportReporter -->
<testsuite hostname="sayoghos" name="pack1.GitMavenClass" tests="1" failures="0" timestamp="6 Jan 2016 03:15:25 GMT" time="24.353" errors="0">
  <testcase name="TestFireFox" time="24.353" classname="pack1.GitMavenClass"/>
</testsuite> <!-- pack1.GitMavenClass -->
