<?xml version="1.0" encoding="UTF-8"?>
<!-- Generated by org.testng.reporters.JUnitReportReporter -->
<testsuite hostname="sayoghos" name="pack1.GitMavenClass" tests="1" failures="0" timestamp="5 Jan 2016 14:32:13 GMT" time="7.893" errors="0">
  <testcase name="TestFireFox" time="7.893" classname="pack1.GitMavenClass"/>
</testsuite> <!-- pack1.GitMavenClass -->
